<?xml version="1.0" encoding="UTF-8"?>
<testsuite name="com.ctl.security.ips.test.cucumber.runner.SecurityAcceptanceTestRunner" time="0.011" tests="48" errors="0" skipped="0" failures="0">
  <properties>
    <property name="java.runtime.name" value="Java(TM) SE Runtime Environment"/>
    <property name="sun.boot.library.path" value="C:\Program Files\Java\jdk1.8.0_20\jre\bin"/>
    <property name="java.vm.version" value="25.20-b23"/>
    <property name="java.vm.vendor" value="Oracle Corporation"/>
    <property name="java.vendor.url" value="http://java.oracle.com/"/>
    <property name="path.separator" value=";"/>
    <property name="guice.disable.misplaced.annotation.check" value="true"/>
    <property name="java.vm.name" value="Java HotSpot(TM) 64-Bit Server VM"/>
    <property name="file.encoding.pkg" value="sun.io"/>
    <property name="user.script" value=""/>
    <property name="user.country" value="US"/>
    <property name="sun.java.launcher" value="SUN_STANDARD"/>
    <property name="sun.os.patch.level" value="Service Pack 1"/>
    <property name="java.vm.specification.name" value="Java Virtual Machine Specification"/>
    <property name="user.dir" value="C:\Users\kevin.weber\Documents\intellij\IPS-api\IPS-test"/>
    <property name="java.runtime.version" value="1.8.0_20-b26"/>
    <property name="java.awt.graphicsenv" value="sun.awt.Win32GraphicsEnvironment"/>
    <property name="java.endorsed.dirs" value="C:\Program Files\Java\jdk1.8.0_20\jre\lib\endorsed"/>
    <property name="os.arch" value="amd64"/>
    <property name="java.io.tmpdir" value="C:\Users\KEVIN~1.WEB\AppData\Local\Temp\"/>
    <property name="line.separator" value="&#10;"/>
    <property name="java.vm.specification.vendor" value="Oracle Corporation"/>
    <property name="user.variant" value=""/>
    <property name="os.name" value="Windows 7"/>
    <property name="classworlds.conf" value="C:\Users\kevin.weber\My Documents\apps\apache-maven-3.2.3\bin\m2.conf"/>
    <property name="sun.jnu.encoding" value="Cp1252"/>
    <property name="java.library.path" value="C:\Program Files\Java\jdk1.8.0_20\bin;C:\Windows\Sun\Java\bin;C:\Windows\system32;C:\Windows;C:\ProgramData\Oracle\Java\javapath;C:\Windows\system32;C:\Windows;C:\Windows\System32\Wbem;C:\Program Files (x86)\Microsoft Application Virtualization Client;C:\Windows\System32\WindowsPowerShell\v1.0\;C:\Windows\System32\WindowsPowerShell\v1.0\;C:\Program Files\OpenVPN\bin;C:\Program Files\Java\jdk1.8.0_20\bin;C:\Users\kevin.weber\My Documents\apps\apache-maven-3.2.3\bin;;C:\Users\kevin.weber\Documents\apps\apache-tomcat-6.0.41\bin;;."/>
    <property name="java.specification.name" value="Java Platform API Specification"/>
    <property name="java.class.version" value="52.0"/>
    <property name="sun.management.compiler" value="HotSpot 64-Bit Tiered Compilers"/>
    <property name="os.version" value="6.1"/>
    <property name="user.home" value="C:\Users\kevin.weber"/>
    <property name="user.timezone" value="America/Chicago"/>
    <property name="java.awt.printerjob" value="sun.awt.windows.WPrinterJob"/>
    <property name="java.specification.version" value="1.8"/>
    <property name="file.encoding" value="Cp1252"/>
    <property name="user.name" value="kevin.weber"/>
    <property name="java.class.path" value="C:\Users\kevin.weber\My Documents\apps\apache-maven-3.2.3\boot\plexus-classworlds-2.5.1.jar"/>
    <property name="java.vm.specification.version" value="1.8"/>
    <property name="sun.arch.data.model" value="64"/>
    <property name="java.home" value="C:\Program Files\Java\jdk1.8.0_20\jre"/>
    <property name="sun.java.command" value="org.codehaus.plexus.classworlds.launcher.Launcher clean package -P acceptance-test-local"/>
    <property name="java.specification.vendor" value="Oracle Corporation"/>
    <property name="user.language" value="en"/>
    <property name="awt.toolkit" value="sun.awt.windows.WToolkit"/>
    <property name="java.vm.info" value="mixed mode"/>
    <property name="java.version" value="1.8.0_20"/>
    <property name="java.ext.dirs" value="C:\Program Files\Java\jdk1.8.0_20\jre\lib\ext;C:\Windows\Sun\Java\lib\ext"/>
    <property name="sun.boot.class.path" value="C:\Program Files\Java\jdk1.8.0_20\jre\lib\resources.jar;C:\Program Files\Java\jdk1.8.0_20\jre\lib\rt.jar;C:\Program Files\Java\jdk1.8.0_20\jre\lib\sunrsasign.jar;C:\Program Files\Java\jdk1.8.0_20\jre\lib\jsse.jar;C:\Program Files\Java\jdk1.8.0_20\jre\lib\jce.jar;C:\Program Files\Java\jdk1.8.0_20\jre\lib\charsets.jar;C:\Program Files\Java\jdk1.8.0_20\jre\lib\jfr.jar;C:\Program Files\Java\jdk1.8.0_20\jre\classes"/>
    <property name="sun.stderr.encoding" value="cp437"/>
    <property name="java.vendor" value="Oracle Corporation"/>
    <property name="maven.home" value="C:\Users\kevin.weber\My Documents\apps\apache-maven-3.2.3"/>
    <property name="file.separator" value="\"/>
    <property name="java.vendor.url.bug" value="http://bugreport.sun.com/bugreport/"/>
    <property name="sun.cpu.endian" value="little"/>
    <property name="sun.io.unicode.encoding" value="UnicodeLittle"/>
    <property name="sun.stdout.encoding" value="cp437"/>
    <property name="sun.desktop" value="windows"/>
    <property name="sun.cpu.isalist" value="amd64"/>
  </properties>
  <testcase name="Given I have a valid account" classname="Scenario: Get valid response when getting all policies for account" time="0.001"/>
  <testcase name="When I GET the policies" classname="Scenario: Get valid response when getting all policies for account" time="0"/>
  <testcase name="Then I receive a response that contains the expected list of policies" classname="Scenario: Get valid response when getting all policies for account" time="0"/>
  <testcase name="Scenario: Get valid response when getting all policies for account" classname="Scenario: Get valid response when getting all policies for account" time="0.002"/>
  <testcase name="Given I have an invalid account" classname="Scenario: Get invalid response when getting all policies for account" time="0"/>
  <testcase name="When I GET the policies" classname="Scenario: Get invalid response when getting all policies for account" time="0"/>
  <testcase name="Then I receive a response with an error message" classname="Scenario: Get invalid response when getting all policies for account" time="0"/>
  <testcase name="Scenario: Get invalid response when getting all policies for account" classname="Scenario: Get invalid response when getting all policies for account" time="0"/>
  <testcase name="Given I have a valid account" classname="Scenario: Get valid response when getting a single policy from an account" time="0"/>
  <testcase name="When I GET a valid policy" classname="Scenario: Get valid response when getting a single policy from an account" time="0"/>
  <testcase name="Then I receive a response that contains the expected policy" classname="Scenario: Get valid response when getting a single policy from an account" time="0"/>
  <testcase name="Scenario: Get valid response when getting a single policy from an account" classname="Scenario: Get valid response when getting a single policy from an account" time="0"/>
  <testcase name="Given I have an invalid account" classname="Scenario: Get invalid response when getting a single policy for an account" time="0"/>
  <testcase name="When I GET a valid policy" classname="Scenario: Get invalid response when getting a single policy for an account" time="0"/>
  <testcase name="Then I receive a response with an error message" classname="Scenario: Get invalid response when getting a single policy for an account" time="0"/>
  <testcase name="Scenario: Get invalid response when getting a single policy for an account" classname="Scenario: Get invalid response when getting a single policy for an account" time="0"/>
  <testcase name="Given I have a valid account" classname="Scenario: Get valid response when creating a policy for an account" time="0"/>
  <testcase name="When I POST a policy" classname="Scenario: Get valid response when creating a policy for an account" time="0"/>
  <testcase name="Then I receive a response that contains a uuid for the created policy" classname="Scenario: Get valid response when creating a policy for an account" time="0"/>
  <testcase name="Scenario: Get valid response when creating a policy for an account" classname="Scenario: Get valid response when creating a policy for an account" time="0"/>
  <testcase name="Given I have an invalid account" classname="Scenario: Get invalid response when creating a policy for an account" time="0"/>
  <testcase name="When I POST a policy" classname="Scenario: Get invalid response when creating a policy for an account" time="0"/>
  <testcase name="Then I receive a response with an error message" classname="Scenario: Get invalid response when creating a policy for an account" time="0"/>
  <testcase name="Scenario: Get invalid response when creating a policy for an account" classname="Scenario: Get invalid response when creating a policy for an account" time="0.004"/>
  <testcase name="Given I have an valid account" classname="Scenario: Get valid response when updating a policy for an account" time="0"/>
  <testcase name="When I PUT a valid policy" classname="Scenario: Get valid response when updating a policy for an account" time="0"/>
  <testcase name="Then I receive a response that does not contain an error message" classname="Scenario: Get valid response when updating a policy for an account" time="0"/>
  <testcase name="Scenario: Get valid response when updating a policy for an account" classname="Scenario: Get valid response when updating a policy for an account" time="0"/>
  <testcase name="Given I have an invalid account" classname="Scenario: Get invalid response when updating a policy for an account" time="0"/>
  <testcase name="When I PUT a valid policy" classname="Scenario: Get invalid response when updating a policy for an account" time="0"/>
  <testcase name="Then I receive a response with an error message" classname="Scenario: Get invalid response when updating a policy for an account" time="0"/>
  <testcase name="Scenario: Get invalid response when updating a policy for an account" classname="Scenario: Get invalid response when updating a policy for an account" time="0.002"/>
  <testcase name="Given I have a valid account" classname="Scenario: Get valid response when updating a policy for an account" time="0"/>
  <testcase name="When I PUT an invalid policy" classname="Scenario: Get valid response when updating a policy for an account" time="0"/>
  <testcase name="Then I receive a response with an error message" classname="Scenario: Get valid response when updating a policy for an account" time="0"/>
  <testcase name="Scenario: Get valid response when updating a policy for an account" classname="Scenario: Get valid response when updating a policy for an account" time="0"/>
  <testcase name="Given I have an valid account" classname="Scenario: Get valid response when deleting a policy for an account" time="0"/>
  <testcase name="When I DELETE a valid policy" classname="Scenario: Get valid response when deleting a policy for an account" time="0"/>
  <testcase name="Then I receive a response that does not contain an error message" classname="Scenario: Get valid response when deleting a policy for an account" time="0"/>
  <testcase name="Scenario: Get valid response when deleting a policy for an account" classname="Scenario: Get valid response when deleting a policy for an account" time="0.001"/>
  <testcase name="Given I have an invalid account" classname="Scenario: Get invalid response when deleting a policy for an account" time="0"/>
  <testcase name="When I DELETE a valid policy" classname="Scenario: Get invalid response when deleting a policy for an account" time="0"/>
  <testcase name="Then I receive a response with an error message" classname="Scenario: Get invalid response when deleting a policy for an account" time="0"/>
  <testcase name="Scenario: Get invalid response when deleting a policy for an account" classname="Scenario: Get invalid response when deleting a policy for an account" time="0.001"/>
  <testcase name="Given I have a valid account" classname="Scenario: Get valid response when deleting a policy for an account" time="0"/>
  <testcase name="When I DELETE an invalid policy" classname="Scenario: Get valid response when deleting a policy for an account" time="0"/>
  <testcase name="Then I receive a response with error message Policy test-id-2 cannot be found for account: TCCD" classname="Scenario: Get valid response when deleting a policy for an account" time="0"/>
  <testcase name="Scenario: Get valid response when deleting a policy for an account" classname="Scenario: Get valid response when deleting a policy for an account" time="0"/>
</testsuite>