<?xml version="1.0" encoding="UTF-8"?><testsuite failures="0" name="cucumber.runtime.formatter.JUnitFormatter" skipped="0" tests="12" time="5.456211">
<testcase classname="Security - policy" name="Get valid response when getting all policies for account" time="4.302527">
<system-out><![CDATA[Given I have a valid account................................................passed
When I GET the policies.....................................................passed
Then I receive a response that contains the expected list of policies.......passed
]]></system-out>
</testcase>
<testcase classname="Security - policy" name="Get invalid response when getting all policies for account" time="0.021595">
<system-out><![CDATA[Given I have an invalid account.............................................passed
When I GET the policies.....................................................passed
Then I receive a response with an error message.............................passed
]]></system-out>
</testcase>
<testcase classname="Security - policy" name="Get valid response when getting a single policy from an account" time="0.191743">
<system-out><![CDATA[Given I have a valid account................................................passed
When I GET a valid policy...................................................passed
Then I receive a response that contains the expected policy.................passed
]]></system-out>
</testcase>
<testcase classname="Security - policy" name="Get invalid response when getting a single policy for an account" time="0.015524">
<system-out><![CDATA[Given I have an invalid account.............................................passed
When I GET a valid policy...................................................passed
Then I receive a response with an error message.............................passed
]]></system-out>
</testcase>
<testcase classname="Security - policy" name="Get valid response when creating a policy for an account" time="0.212355">
<system-out><![CDATA[Given I have a valid account................................................passed
When I POST a policy........................................................passed
Then I receive a response that contains a uuid for the created policy.......passed
]]></system-out>
</testcase>
<testcase classname="Security - policy" name="Get invalid response when creating a policy for an account" time="0.018843">
<system-out><![CDATA[Given I have an invalid account.............................................passed
When I POST a policy........................................................passed
Then I receive a response with an error message.............................passed
]]></system-out>
</testcase>
<testcase classname="Security - policy" name="Get valid response when updating a policy for an account" time="0.15478">
<system-out><![CDATA[Given I have an valid account...............................................passed
When I PUT a valid policy...................................................passed
Then I receive a response that does not contain an error message............passed
]]></system-out>
</testcase>
<testcase classname="Security - policy" name="Get invalid response when updating a policy for an account" time="0.012715">
<system-out><![CDATA[Given I have an invalid account.............................................passed
When I PUT a valid policy...................................................passed
Then I receive a response with an error message.............................passed
]]></system-out>
</testcase>
<testcase classname="Security - policy" name="Get valid response when updating a policy for an account" time="0.194432">
<system-out><![CDATA[Given I have a valid account................................................passed
When I PUT an invalid policy................................................passed
Then I receive a response with an error message.............................passed
]]></system-out>
</testcase>
<testcase classname="Security - policy" name="Get valid response when deleting a policy for an account" time="0.164937">
<system-out><![CDATA[Given I have an valid account...............................................passed
When I DELETE a valid policy................................................passed
Then I receive a response that does not contain an error message............passed
]]></system-out>
</testcase>
<testcase classname="Security - policy" name="Get invalid response when deleting a policy for an account" time="0.012314">
<system-out><![CDATA[Given I have an invalid account.............................................passed
When I DELETE a valid policy................................................passed
Then I receive a response with an error message.............................passed
]]></system-out>
</testcase>
<testcase classname="Security - policy" name="Get valid response when deleting a policy for an account" time="0.154446">
<system-out><![CDATA[Given I have a valid account................................................passed
When I DELETE an invalid policy.............................................passed
Then I receive a response with error message Policy test-id-2 cannot be found for account: TCCD.passed
]]></system-out>
</testcase>
</testsuite>
